Thu Dec 21 13:55:46 CET 2017
Thu Dec 21 13:59:06 CET 2017
Overseer ran
Thu Dec 21 14:01:51 CET 2017
Overseer ran for smileperience@Smliey on:
Thu Dec 21 14:03:26 CET 2017
Overseer ran for smileperience@Smiley on:
Fri Feb  2 17:49:16 CET 2018
Overseer ran for smileperience@Smiley on:
Thu Mar  1 13:42:29 CET 2018
Overseer ran for smileperience@Smiley on:
Thu Mar  1 13:58:31 CET 2018
Overseer ran for smileperience@Smiley on:
Thu Mar  1 13:58:47 CET 2018
Overseer ran for smileperience@Smiley on:
Thu Mar  1 14:01:09 CET 2018
Overseer ran for smileperience@Smiley on:
Thu Mar  1 14:01:48 CET 2018
Overseer ran for smileperience@Smiley on:
Thu Mar  1 14:04:01 CET 2018
Overseer ran for smileperience@Smiley on:
Thu Mar  1 14:10:18 CET 2018
Overseer ran for smileperience@Smiley on:
Thu Mar  1 14:10:27 CET 2018
Overseer ran for smileperience@Smiley on:
Thu Mar  1 14:10:51 CET 2018
Overseer ran for smileperience@Smiley on:
Thu Mar  1 14:10:56 CET 2018
Overseer ran for smileperience@Smiley on:
Thu Mar  1 14:11:05 CET 2018
Overseer ran for smileperience@Smiley on:
Thu Mar  1 14:13:03 CET 2018
Overseer ran for smileperience@Smiley on:
Thu Mar  1 14:13:12 CET 2018
Overseer ran for smileperience@Smiley on:
Thu Mar  1 14:13:20 CET 2018
Overseer ran for smileperience@Smiley on:
Thu Mar  1 14:13:31 CET 2018
Overseer ran for smileperience@Smiley on:
Thu Mar  1 14:16:18 CET 2018
Overseer ran for smileperience@Smiley on:
Thu Mar  1 14:17:05 CET 2018
Overseer ran for smileperience@Smiley on:
Thu Mar  1 14:18:44 CET 2018
Overseer ran for smileperience@Smiley on:
Thu Mar  1 14:50:08 CET 2018
Overseer ran for smileperience@Smiley on:
Thu Mar  1 14:54:29 CET 2018
Overseer ran for smileperience@Smiley on:
Thu Mar  1 14:54:53 CET 2018
Overseer ran for smileperience@Smiley on:
Fri Mar  2 11:55:40 CET 2018
Overseer ran for smileperience@Smiley on:
Fri Mar  2 11:57:31 CET 2018
Overseer ran for smileperience@Smiley on:
Fri Mar  2 11:58:22 CET 2018
Overseer ran for smileperience@Smiley on:
Fri Mar  2 12:05:35 CET 2018
Overseer ran for smileperience@Smiley on:
Fri Mar  2 12:07:00 CET 2018
Overseer ran for smileperience@Smiley on:
Fri Mar  2 12:12:52 CET 2018
Overseer ran for smileperience@Smiley on:
Fri Mar  2 12:13:17 CET 2018
Overseer ran for smileperience@Smiley on:
Fri Mar  2 12:13:30 CET 2018
Overseer ran for smileperience@Smiley on:
Fri Mar  2 12:14:10 CET 2018
Overseer ran for smileperience@Smiley on:
Fri Mar  2 12:18:06 CET 2018
Overseer ran for smileperience@Smiley on:
Sun Mar 18 12:57:44 CET 2018
Overseer ran for smileperience@Smiley on:
Sun Mar 18 12:58:56 CET 2018
Overseer ran for smileperience@Smiley on:
Sun Mar 18 12:59:00 CET 2018
Overseer ran for smileperience@Smiley on:
Sun Mar 18 13:02:20 CET 2018
Overseer ran for smileperience@Smiley on:
Sun Mar 18 13:04:24 CET 2018
Overseer ran for smileperience@Smiley on:
Sun Mar 18 13:05:57 CET 2018
Overseer ran for smileperience@Smiley on:
Sun Mar 18 13:07:15 CET 2018
Overseer ran for smileperience@Smiley on:
Sun Mar 18 13:07:25 CET 2018
Overseer ran for smileperience@Smiley on:
Sun Mar 18 13:07:40 CET 2018
Overseer ran for smileperience@Smiley on:
Sun Mar 18 13:11:59 CET 2018
Overseer ran for smileperience@Smiley on:
Sun Mar 18 13:12:19 CET 2018
